  featureDetection.cpp
C:\Users\hason\Documents\Visual Studio 2019\Projects\featureDetection\featureDetection\Method.h(11,29): warning C4305: 'initializing': truncation from 'double' to 'float'
C:\Users\hason\Documents\Visual Studio 2019\Projects\featureDetection\featureDetection\Method.h(15,21): warning C4305: 'initializing': truncation from 'double' to 'float'
  Method.cpp
C:\Users\hason\Documents\Visual Studio 2019\Projects\featureDetection\featureDetection\Method.h(11,29): warning C4305: 'initializing': truncation from 'double' to 'float'
C:\Users\hason\Documents\Visual Studio 2019\Projects\featureDetection\featureDetection\Method.h(15,21): warning C4305: 'initializing': truncation from 'double' to 'float'
C:\Users\hason\Documents\Visual Studio 2019\Projects\featureDetection\featureDetection\Method.cpp(57,45): warning C4244: '=': conversion from 'float' to '_Tp', possible loss of data
          with
          [
              _Tp=uchar
          ]
C:\Users\hason\Documents\Visual Studio 2019\Projects\featureDetection\featureDetection\Method.cpp(84,33): warning C4244: '=': conversion from 'double' to 'float', possible loss of data
C:\Users\hason\Documents\Visual Studio 2019\Projects\featureDetection\featureDetection\Method.cpp(86,39): warning C4244: '=': conversion from 'float' to '_Tp', possible loss of data
          with
          [
              _Tp=uchar
          ]
C:\Users\hason\Documents\Visual Studio 2019\Projects\featureDetection\featureDetection\Method.cpp(97,17): warning C4244: 'initializing': conversion from 'int' to 'float', possible loss of data
C:\Users\hason\Documents\Visual Studio 2019\Projects\featureDetection\featureDetection\Method.cpp(179,21): warning C4244: '=': conversion from 'float' to 'int', possible loss of data
C:\Users\hason\Documents\Visual Studio 2019\Projects\featureDetection\featureDetection\Method.cpp(278,29): warning C4267: 'initializing': conversion from 'size_t' to 'int', possible loss of data
C:\Users\hason\Documents\Visual Studio 2019\Projects\featureDetection\featureDetection\Method.cpp(300,61): warning C4244: '+=': conversion from '_Ty' to 'int', possible loss of data
          with
          [
              _Ty=float
          ]
C:\Users\hason\Documents\Visual Studio 2019\Projects\featureDetection\featureDetection\Method.cpp(318,88): warning C4244: 'argument': conversion from 'double' to 'float', possible loss of data
  Generating code
  Previous IPDB not found, fall back to full compilation.
  All 255 functions were compiled because no usable IPDB/IOBJ from previous compilation was found.
  Finished generating code
  featureDetection.vcxproj -> C:\Users\hason\Documents\Visual Studio 2019\Projects\featureDetection\x64\Release\featureDetection.exe
